<?xml version="1.0" encoding="UTF-8" ?>
<testsuites name="vitest tests" tests="14" failures="0" errors="0" time="0.829">
    <testsuite name="src/tools/__tests__/getAllCountries.ts" timestamp="2023-06-14T15:18:16.983Z" hostname="Indranils-MacBook-Pro.local" tests="1" failures="0" errors="0" skipped="0" time="0.005">
        <testcase classname="src/tools/__tests__/getAllCountries.ts" name="returns expected list of countries" time="0.002">
        </testcase>
    </testsuite>
    <testsuite name="src/tools/__tests__/hasRight.ts" timestamp="2023-06-14T15:18:16.984Z" hostname="Indranils-MacBook-Pro.local" tests="3" failures="0" errors="0" skipped="0" time="0.003">
        <testcase classname="src/tools/__tests__/hasRight.ts" name="returns true for user with given right" time="0.001">
        </testcase>
        <testcase classname="src/tools/__tests__/hasRight.ts" name="returns false for user without given right" time="0">
        </testcase>
        <testcase classname="src/tools/__tests__/hasRight.ts" name="returns false for user with no rights" time="0">
        </testcase>
    </testsuite>
    <testsuite name="src/tools/__tests__/isAdmin.ts" timestamp="2023-06-14T15:18:16.987Z" hostname="Indranils-MacBook-Pro.local" tests="2" failures="0" errors="0" skipped="0" time="0.004">
        <testcase classname="src/tools/__tests__/isAdmin.ts" name="returns true for admin user" time="0.002">
        </testcase>
        <testcase classname="src/tools/__tests__/isAdmin.ts" name="returns false for non-admin user" time="0">
        </testcase>
    </testsuite>
    <testsuite name="src/tools/__tests__/isOctave.ts" timestamp="2023-06-14T15:18:16.988Z" hostname="Indranils-MacBook-Pro.local" tests="2" failures="0" errors="0" skipped="0" time="0.004">
        <testcase classname="src/tools/__tests__/isOctave.ts" name="returns true for user account type as &quot;BROOKLYN&quot;" time="0.002">
        </testcase>
        <testcase classname="src/tools/__tests__/isOctave.ts" name="returns false for account type other than &quot;BROOKLYN&quot;" time="0">
        </testcase>
    </testsuite>
    <testsuite name="src/core/components/__tests__/Loading.tsx" timestamp="2023-06-14T15:18:16.988Z" hostname="Indranils-MacBook-Pro.local" tests="1" failures="0" errors="0" skipped="0" time="0.017">
        <testcase classname="src/core/components/__tests__/Loading.tsx" name="renders" time="0.011">
        </testcase>
    </testsuite>
    <testsuite name="src/core/components/__tests__/WidgetTitle.tsx" timestamp="2023-06-14T15:18:16.988Z" hostname="Indranils-MacBook-Pro.local" tests="1" failures="0" errors="0" skipped="0" time="0.011">
        <testcase classname="src/core/components/__tests__/WidgetTitle.tsx" name="renders" time="0.009">
        </testcase>
    </testsuite>
    <testsuite name="src/core/tools/__tests__/filtersFromUrl.ts" timestamp="2023-06-14T15:18:16.988Z" hostname="Indranils-MacBook-Pro.local" tests="1" failures="0" errors="0" skipped="0" time="0.009">
        <testcase classname="src/core/tools/__tests__/filtersFromUrl.ts" name="filtersFromUrl  &gt; test transform filters from Url" time="0.008">
        </testcase>
    </testsuite>
    <testsuite name="src/core/tools/__tests__/formatNumber.ts" timestamp="2023-06-14T15:18:16.989Z" hostname="Indranils-MacBook-Pro.local" tests="1" failures="0" errors="0" skipped="0" time="0.004">
        <testcase classname="src/core/tools/__tests__/formatNumber.ts" name="should format a number" time="0.003">
        </testcase>
    </testsuite>
    <testsuite name="src/core/tools/__tests__/getBytesWithUnit.ts" timestamp="2023-06-14T15:18:16.989Z" hostname="Indranils-MacBook-Pro.local" tests="2" failures="0" errors="0" skipped="0" time="0.003">
        <testcase classname="src/core/tools/__tests__/getBytesWithUnit.ts" name="getBytesWithUnit &gt; can convert a bytes value into the most appropriate unit" time="0.001">
        </testcase>
        <testcase classname="src/core/tools/__tests__/getBytesWithUnit.ts" name="getBytesWithUnit &gt; can convert a bytes value into the most appropriate unit with a given precision" time="0">
        </testcase>
    </testsuite>
</testsuites>
